Temp/gradleOut/launcher/build/intermediates/manifest_merge_blame_file/release/manifest-merger-blame-release-report.txt
1<?xml version="1.0" encoding="utf-8"?>
2<!-- GENERATED BY UNITY. REMOVE THIS COMMENT TO PREVENT OVERWRITING WHEN EXPORTING AGAIN -->
3<manifest xmlns:android="http://schemas.android.com/apk/res/android"
4    package="com.dnsoft.GPStour"
5    android:installLocation="preferExternal"
6    android:versionCode="1"
7    android:versionName="0.2" >
8
9    <uses-sdk
10        android:minSdkVersion="29"
10-->src\main\AndroidManifest.xml
11        android:targetSdkVersion="29" />
11-->src\main\AndroidManifest.xml
12
13    <supports-screens
13-->src\main\AndroidManifest.xml:4:3-163
14        android:anyDensity="true"
14-->src\main\AndroidManifest.xml:4:135-160
15        android:largeScreens="true"
15-->src\main\AndroidManifest.xml:4:78-105
16        android:normalScreens="true"
16-->src\main\AndroidManifest.xml:4:49-77
17        android:smallScreens="true"
17-->src\main\AndroidManifest.xml:4:21-48
18        android:xlargeScreens="true" />
18-->src\main\AndroidManifest.xml:4:106-134
19
20    <uses-permission android:name="android.permission.CAMERA" />
20-->[:unityLibrary] AndroidManifest.xml:21:5-65
20-->[:unityLibrary] AndroidManifest.xml:21:22-62
21    <uses-permission android:name="android.permission.BLUETOOTH" />
21-->[:unityLibrary] AndroidManifest.xml:22:5-68
21-->[:unityLibrary] AndroidManifest.xml:22:22-65
22    <uses-permission android:name="android.permission.BLUETOOTH_ADMIN" />
22-->[:unityLibrary] AndroidManifest.xml:23:5-74
22-->[:unityLibrary] AndroidManifest.xml:23:22-71
23    <uses-permission android:name="android.permission.QUERY_ALL_PACKAGES" />
23-->[:unityLibrary] AndroidManifest.xml:24:5-77
23-->[:unityLibrary] AndroidManifest.xml:24:22-74
24
25    <uses-feature android:glEsVersion="0x00030000" />
25-->[:unityLibrary] AndroidManifest.xml:26:5-54
25-->[:unityLibrary] AndroidManifest.xml:26:19-51
26
27    <uses-permission android:name="android.permission.INTERNET" />
27-->[:unityLibrary] AndroidManifest.xml:28:5-67
27-->[:unityLibrary] AndroidManifest.xml:28:22-64
28    <uses-permission android:name="android.permission.VIBRATE" />
28-->[:unityLibrary] AndroidManifest.xml:29:5-66
28-->[:unityLibrary] AndroidManifest.xml:29:22-63
29    <uses-permission android:name="android.permission.ACCESS_FINE_LOCATION" />
29-->[:unityLibrary] AndroidManifest.xml:30:5-79
29-->[:unityLibrary] AndroidManifest.xml:30:22-76
30
31    <uses-feature
31-->[:unityLibrary] AndroidManifest.xml:32:5-34:36
32        android:name="android.hardware.location.gps"
32-->[:unityLibrary] AndroidManifest.xml:33:9-53
33        android:required="false" />
33-->[:unityLibrary] AndroidManifest.xml:34:9-33
34    <uses-feature
34-->[:unityLibrary] AndroidManifest.xml:35:5-37:36
35        android:name="android.hardware.location"
35-->[:unityLibrary] AndroidManifest.xml:36:9-49
36        android:required="false" />
36-->[:unityLibrary] AndroidManifest.xml:37:9-33
37
38    <uses-permission android:name="android.permission.WRITE_EXTERNAL_STORAGE" />
38-->[:unityLibrary] AndroidManifest.xml:39:5-81
38-->[:unityLibrary] AndroidManifest.xml:39:22-78
39
40    <uses-feature
40-->[:unityLibrary] AndroidManifest.xml:41:5-43:36
41        android:name="android.hardware.touchscreen"
41-->[:unityLibrary] AndroidManifest.xml:42:9-52
42        android:required="false" />
42-->[:unityLibrary] AndroidManifest.xml:43:9-33
43    <uses-feature
43-->[:unityLibrary] AndroidManifest.xml:44:5-46:36
44        android:name="android.hardware.touchscreen.multitouch"
44-->[:unityLibrary] AndroidManifest.xml:45:9-63
45        android:required="false" />
45-->[:unityLibrary] AndroidManifest.xml:46:9-33
46    <uses-feature
46-->[:unityLibrary] AndroidManifest.xml:47:5-49:36
47        android:name="android.hardware.touchscreen.multitouch.distinct"
47-->[:unityLibrary] AndroidManifest.xml:48:9-72
48        android:required="false" />
48-->[:unityLibrary] AndroidManifest.xml:49:9-33
49
50    <uses-permission android:name="ai.nreal.permission.NRSDK" />
50-->[:nr_api:] AndroidManifest.xml:11:5-65
50-->[:nr_api:] AndroidManifest.xml:11:22-62
51
52    <application
52-->src\main\AndroidManifest.xml:5:3-83
53        android:extractNativeLibs="false"
54        android:icon="@mipmap/app_icon"
54-->src\main\AndroidManifest.xml:5:49-80
55        android:label="@string/app_name"
55-->src\main\AndroidManifest.xml:5:16-48
56        android:theme="@style/UnityThemeSelector" >
56-->[:unityLibrary] AndroidManifest.xml:54:9-50
57        <activity
57-->[:unityLibrary] AndroidManifest.xml:55:9-70:20
58            android:name="com.unity3d.player.UnityPlayerActivity"
58-->[:unityLibrary] AndroidManifest.xml:56:13-66
59            android:configChanges="mcc|mnc|locale|touchscreen|keyboard|keyboardHidden|navigation|orientation|screenLayout|uiMode|screenSize|smallestScreenSize|fontScale|layoutDirection|density"
59-->[:unityLibrary] AndroidManifest.xml:57:13-194
60            android:hardwareAccelerated="false"
60-->[:unityLibrary] AndroidManifest.xml:58:13-48
61            android:launchMode="singleTask"
61-->[:unityLibrary] AndroidManifest.xml:59:13-44
62            android:screenOrientation="portrait" >
62-->[:unityLibrary] AndroidManifest.xml:60:13-49
63            <intent-filter>
63-->[:unityLibrary] AndroidManifest.xml:61:13-65:29
64                <action android:name="android.intent.action.MAIN" />
64-->[:unityLibrary] AndroidManifest.xml:62:17-69
64-->[:unityLibrary] AndroidManifest.xml:62:25-66
65
66                <category android:name="android.intent.category.LAUNCHER" />
66-->[:unityLibrary] AndroidManifest.xml:64:17-77
66-->[:unityLibrary] AndroidManifest.xml:64:27-74
67            </intent-filter>
68
69            <meta-data
69-->[:unityLibrary] AndroidManifest.xml:67:13-69:40
70                android:name="android.notch_support"
70-->[:unityLibrary] AndroidManifest.xml:68:17-53
71                android:value="true" />
71-->[:unityLibrary] AndroidManifest.xml:69:17-37
72        </activity>
73
74        <meta-data
74-->[:unityLibrary] AndroidManifest.xml:72:9-74:36
75            android:name="nreal_sdk"
75-->[:unityLibrary] AndroidManifest.xml:73:13-37
76            android:value="true" />
76-->[:unityLibrary] AndroidManifest.xml:74:13-33
77        <meta-data
77-->[:unityLibrary] AndroidManifest.xml:75:9-77:36
78            android:name="unity.tango-enable"
78-->[:unityLibrary] AndroidManifest.xml:76:13-46
79            android:value="True" />
79-->[:unityLibrary] AndroidManifest.xml:77:13-33
80        <meta-data
80-->[:unityLibrary] AndroidManifest.xml:78:9-80:36
81            android:name="unityplayer.SkipPermissionsDialog"
81-->[:unityLibrary] AndroidManifest.xml:79:13-61
82            android:value="true" />
82-->[:unityLibrary] AndroidManifest.xml:80:13-33
83        <meta-data
83-->[:unityLibrary] AndroidManifest.xml:81:9-83:33
84            android:name="unity.splash-mode"
84-->[:unityLibrary] AndroidManifest.xml:82:13-45
85            android:value="0" />
85-->[:unityLibrary] AndroidManifest.xml:83:13-30
86        <meta-data
86-->[:unityLibrary] AndroidManifest.xml:84:9-86:36
87            android:name="unity.splash-enable"
87-->[:unityLibrary] AndroidManifest.xml:85:13-47
88            android:value="True" />
88-->[:unityLibrary] AndroidManifest.xml:86:13-33
89        <meta-data
89-->[:unityLibrary] AndroidManifest.xml:87:9-89:50
90            android:name="notch.config"
90-->[:unityLibrary] AndroidManifest.xml:88:13-40
91            android:value="portrait|landscape" />
91-->[:unityLibrary] AndroidManifest.xml:89:13-47
92        <meta-data
92-->[:unityLibrary] AndroidManifest.xml:90:9-92:68
93            android:name="unity.build-id"
93-->[:unityLibrary] AndroidManifest.xml:91:13-42
94            android:value="9d34f945-22ff-47b2-be09-d8c1258bf1f4" />
94-->[:unityLibrary] AndroidManifest.xml:92:13-65
95    </application>
96
97</manifest>